<?xml version="1.0" encoding="UTF-8"?>
<!-- Generated by org.testng.reporters.JUnitXMLReporter -->
<testsuite ignored="0" hostname="DESKTOP-R61I3BK" failures="0" tests="3" name="Submit Order Test" time="39.595" errors="0" timestamp="2024-09-27T13:43:28 PDT">
  <testcase classname="rahulshettyacademy.testcases.SubmitOrderTest" name="submitOrder" time="7.0"/>
  <testcase classname="rahulshettyacademy.testcases.SubmitOrderTest" name="submitOrder" time="6.721"/>
  <testcase classname="rahulshettyacademy.testcases.SubmitOrderTest" name="orderHistoryTest" time="1.119"/>
</testsuite> <!-- Submit Order Test -->
